#
# There is insufficient memory for the Java Runtime Environment to continue.
# Native memory allocation (mmap) failed to map 2064384 bytes for G1 virtual space
# Possible reasons:
#   The system is out of physical RAM or swap space
#   The process is running with CompressedOops enabled, and the Java Heap may be blocking the growth of the native heap
# Possible solutions:
#   Reduce memory load on the system
#   Increase physical memory or swap space
#   Check if swap backing store is full
#   Decrease Java heap size (-Xmx/-Xms)
#   Decrease number of Java threads
#   Decrease Java thread stack sizes (-Xss)
#   Set larger code cache with -XX:ReservedCodeCacheSize=
#   JVM is running with Unscaled Compressed Oops mode in which the Java heap is
#     placed in the first 4GB address space. The Java Heap base address is the
#     maximum limit for the native heap growth. Please use -XX:HeapBaseMinAddress
#     to set the Java Heap base and to place the Java Heap above 4GB virtual address.
# This output file may be truncated or incomplete.
#
#  Out of Memory Error (os_windows.cpp:3617), pid=11920, tid=3892
#
# JRE version:  (17.0.8.1+1) (build )
# Java VM: OpenJDK 64-Bit Server VM (17.0.8.1+1, mixed mode, sharing, tiered, compressed oops, compressed class ptrs, g1 gc, windows-amd64)
# No core dump will be written. Minidumps are not enabled by default on client versions of Windows
#

---------------  S U M M A R Y ------------

Command Line: -Dfile.encoding=UTF-8 -Dstdout.encoding=UTF-8 -Dstderr.encoding=UTF-8 --module-path=C:\Users\Svetlana\eclipse-workspace\2_practice\bin -XX:+ShowCodeDetailsInExceptionMessages -Djdk.module.main=Main Main/Main.Main

Host: Intel(R) Core(TM) i5-10210U CPU @ 1.60GHz, 8 cores, 7G,  Windows 10 , 64 bit Build 19041 (10.0.19041.4717)
Time: Wed Sep 18 10:19:11 2024 Russia TZ 2 Standard Time elapsed time: 0.009585 seconds (0d 0h 0m 0s)

---------------  T H R E A D  ---------------

Current thread (0x000001dcf92b0b30):  JavaThread "Unknown thread" [_thread_in_vm, id=3892, stack(0x0000000c9fb00000,0x0000000c9fc00000)]

Stack: [0x0000000c9fb00000,0x0000000c9fc00000]
Native frames: (J=compiled Java code, j=interpreted, Vv=VM code, C=native code)
V  [jvm.dll+0x678b0a]
V  [jvm.dll+0x835e84]
V  [jvm.dll+0x83762e]
V  [jvm.dll+0x837c93]
V  [jvm.dll+0x24746f]
V  [jvm.dll+0x675859]
V  [jvm.dll+0x66a0ea]
V  [jvm.dll+0x306c7b]
V  [jvm.dll+0x30e166]
V  [jvm.dll+0x35dd53]
V  [jvm.dll+0x35df6f]
V  [jvm.dll+0x2ddb48]
V  [jvm.dll+0x2deab4]
V  [jvm.dll+0x807f31]
V  [jvm.dll+0x36bb21]
V  [jvm.dll+0x7e733c]
V  [jvm.dll+0x3ee4af]
V  [jvm.dll+0x3f00c1]
C  [jli.dll+0x528b]
C  [ucrtbase.dll+0x21bb2]
C  [KERNEL32.DLL+0x17374]
C  [ntdll.dll+0x4cc91]


---------------  P R O C E S S  ---------------

Threads class SMR info:
_java_thread_list=0x00007ffa9854a018, length=0, elements={
}

Java Threads: ( => current thread )

Other Threads:
  0x000001dcf930a230 GCTaskThread "GC Thread#0" [stack: 0x0000000c9fc00000,0x0000000c9fd00000] [id=9896]
  0x000001dcf931b090 ConcurrentGCThread "G1 Main Marker" [stack: 0x0000000c9fd00000,0x0000000c9fe00000] [id=9104]
  0x000001dcf931c640 ConcurrentGCThread "G1 Conc#0" [stack: 0x0000000c9fe00000,0x0000000c9ff00000] [id=11928]

[error occurred during error reporting (printing all threads), id 0xc0000005, EXCEPTION_ACCESS_VIOLATION (0xc0000005) at pc=0x00007ffa97d1e587]

VM state: not at safepoint (not fully initialized)

VM Mutex/Monitor currently owned by a thread:  ([mutex/lock_event])
[0x000001dcf92abe30] Heap_lock - owner thread: 0x000001dcf92b0b30

Heap address: 0x0000000082800000, size: 2008 MB, Compressed Oops mode: 32-bit

CDS archive(s) mapped at: [0x0000000000000000-0x0000000000000000-0x0000000000000000), size 0, SharedBaseAddress: 0x0000000800000000, ArchiveRelocationMode: 1.
Narrow klass base: 0x0000000000000000, Narrow klass shift: 0, Narrow klass range: 0x0

GC Precious Log:
<Empty>

Heap:
 garbage-first heap   total 0K, used 0K [0x0000000082800000, 0x0000000100000000)
  region size 1024K, 0 young (0K), 0 survivors (0K)

[error occurred during error reporting (printing heap information), id 0xc0000005, EXCEPTION_ACCESS_VIOLATION (0xc0000005) at pc=0x00007ffa98102699]

GC Heap History (0 events):
No events

Dll operation events (1 events):
Event: 0.004 Loaded shared library C:\Users\Svetlana\AppData\Local\Programs\Eclipse Adoptium\jdk-17.0.8.101-hotspot\bin\java.dll

Deoptimization events (0 events):
No events

Classes unloaded (0 events):
No events

Classes redefined (0 events):
No events

Internal exceptions (0 events):
No events

VM Operations (0 events):
No events

Events (0 events):
No events


Dynamic libraries:
0x00007ff790c40000 - 0x00007ff790c4e000 	C:\Users\Svetlana\AppData\Local\Programs\Eclipse Adoptium\jdk-17.0.8.101-hotspot\bin\javaw.exe
0x00007ffaf13f0000 - 0x00007ffaf15e8000 	C:\Windows\SYSTEM32\ntdll.dll
0x00007ffaf0600000 - 0x00007ffaf06c1000 	C:\Windows\System32\KERNEL32.DLL
0x00007ffaeeef0000 - 0x00007ffaef1ed000 	C:\Windows\System32\KERNELBASE.dll
0x00007ffaef270000 - 0x00007ffaef370000 	C:\Windows\System32\ucrtbase.dll
0x00007ffae44b0000 - 0x00007ffae44c9000 	C:\Users\Svetlana\AppData\Local\Programs\Eclipse Adoptium\jdk-17.0.8.101-hotspot\bin\VCRUNTIME140.dll
0x00007ffae5a20000 - 0x00007ffae5a37000 	C:\Users\Svetlana\AppData\Local\Programs\Eclipse Adoptium\jdk-17.0.8.101-hotspot\bin\jli.dll
0x00007ffaf0450000 - 0x00007ffaf05ed000 	C:\Windows\System32\USER32.dll
0x00007ffad3ba0000 - 0x00007ffad3e3a000 	C:\Windows\WinSxS\amd64_microsoft.windows.common-controls_6595b64144ccf1df_6.0.19041.4355_none_60b8b9eb71f62e16\COMCTL32.dll
0x00007ffaeec30000 - 0x00007ffaeec52000 	C:\Windows\System32\win32u.dll
0x00007ffaf1310000 - 0x00007ffaf13ae000 	C:\Windows\System32\msvcrt.dll
0x00007ffaefd10000 - 0x00007ffaefd3b000 	C:\Windows\System32\GDI32.dll
0x00007ffaeeaa0000 - 0x00007ffaeebb7000 	C:\Windows\System32\gdi32full.dll
0x00007ffaeee50000 - 0x00007ffaeeeed000 	C:\Windows\System32\msvcp_win.dll
0x00007ffaefd40000 - 0x00007ffaefd6f000 	C:\Windows\System32\IMM32.DLL
0x00007ffae3570000 - 0x00007ffae357c000 	C:\Users\Svetlana\AppData\Local\Programs\Eclipse Adoptium\jdk-17.0.8.101-hotspot\bin\vcruntime140_1.dll
0x00007ffacb9b0000 - 0x00007ffacba41000 	C:\Users\Svetlana\AppData\Local\Programs\Eclipse Adoptium\jdk-17.0.8.101-hotspot\bin\msvcp140.dll
0x00007ffa97a30000 - 0x00007ffa9867c000 	C:\Users\Svetlana\AppData\Local\Programs\Eclipse Adoptium\jdk-17.0.8.101-hotspot\bin\server\jvm.dll
0x00007ffaefd70000 - 0x00007ffaefe20000 	C:\Windows\System32\ADVAPI32.dll
0x00007ffaf10f0000 - 0x00007ffaf1190000 	C:\Windows\System32\sechost.dll
0x00007ffaf0200000 - 0x00007ffaf0323000 	C:\Windows\System32\RPCRT4.dll
0x00007ffaef240000 - 0x00007ffaef267000 	C:\Windows\System32\bcrypt.dll
0x00007ffae6900000 - 0x00007ffae6909000 	C:\Windows\SYSTEM32\WSOCK32.dll
0x00007ffaec920000 - 0x00007ffaec947000 	C:\Windows\SYSTEM32\WINMM.dll
0x00007ffaee000000 - 0x00007ffaee04b000 	C:\Windows\SYSTEM32\POWRPROF.dll
0x00007ffaf03e0000 - 0x00007ffaf044b000 	C:\Windows\System32\WS2_32.dll
0x00007ffae4910000 - 0x00007ffae491a000 	C:\Windows\SYSTEM32\VERSION.dll
0x00007ffaede60000 - 0x00007ffaede72000 	C:\Windows\SYSTEM32\UMPDC.dll
0x00007ffaecac0000 - 0x00007ffaecad2000 	C:\Windows\SYSTEM32\kernel.appcore.dll
0x00007ffae59b0000 - 0x00007ffae59ba000 	C:\Users\Svetlana\AppData\Local\Programs\Eclipse Adoptium\jdk-17.0.8.101-hotspot\bin\jimage.dll
0x00007ffaec480000 - 0x00007ffaec664000 	C:\Windows\SYSTEM32\DBGHELP.DLL
0x00007ffac1120000 - 0x00007ffac1154000 	C:\Windows\SYSTEM32\dbgcore.DLL
0x00007ffaeedc0000 - 0x00007ffaeee42000 	C:\Windows\System32\bcryptPrimitives.dll
0x00007ffae56b0000 - 0x00007ffae56d5000 	C:\Users\Svetlana\AppData\Local\Programs\Eclipse Adoptium\jdk-17.0.8.101-hotspot\bin\java.dll

dbghelp: loaded successfully - version: 4.0.5 - missing functions: none
symbol engine: initialized successfully - sym options: 0x614 - pdb path: .;C:\Users\Svetlana\AppData\Local\Programs\Eclipse Adoptium\jdk-17.0.8.101-hotspot\bin;C:\Windows\SYSTEM32;C:\Windows\WinSxS\amd64_microsoft.windows.common-controls_6595b64144ccf1df_6.0.19041.4355_none_60b8b9eb71f62e16;C:\Users\Svetlana\AppData\Local\Programs\Eclipse Adoptium\jdk-17.0.8.101-hotspot\bin\server

VM Arguments:
jvm_args: -Dfile.encoding=UTF-8 -Dstdout.encoding=UTF-8 -Dstderr.encoding=UTF-8 --module-path=C:\Users\Svetlana\eclipse-workspace\2_practice\bin -XX:+ShowCodeDetailsInExceptionMessages -Djdk.module.main=Main 
java_command: Main/Main.Main
java_class_path (initial): <not set>
Launcher Type: SUN_STANDARD

[Global flags]
     intx CICompilerCount                          = 4                                         {product} {ergonomic}
     uint ConcGCThreads                            = 2                                         {product} {ergonomic}
     uint G1ConcRefinementThreads                  = 8                                         {product} {ergonomic}
   size_t G1HeapRegionSize                         = 1048576                                   {product} {ergonomic}
    uintx GCDrainStackTargetSize                   = 64                                        {product} {ergonomic}
   size_t InitialHeapSize                          = 132120576                                 {product} {ergonomic}
   size_t MarkStackSize                            = 4194304                                   {product} {ergonomic}
   size_t MaxHeapSize                              = 2105540608                                {product} {ergonomic}
   size_t MinHeapDeltaBytes                        = 1048576                                   {product} {ergonomic}
   size_t MinHeapSize                              = 8388608                                   {product} {ergonomic}
    uintx NonNMethodCodeHeapSize                   = 5839372                                {pd product} {ergonomic}
    uintx NonProfiledCodeHeapSize                  = 122909434                              {pd product} {ergonomic}
    uintx ProfiledCodeHeapSize                     = 122909434                              {pd product} {ergonomic}
    uintx ReservedCodeCacheSize                    = 251658240                              {pd product} {ergonomic}
     bool SegmentedCodeCache                       = true                                      {product} {ergonomic}
     bool ShowCodeDetailsInExceptionMessages       = true                                   {manageable} {command line}
   size_t SoftMaxHeapSize                          = 2105540608                             {manageable} {ergonomic}
     bool UseCompressedClassPointers               = true                           {product lp64_product} {ergonomic}
     bool UseCompressedOops                        = true                           {product lp64_product} {ergonomic}
     bool UseG1GC                                  = true                                      {product} {ergonomic}
     bool UseLargePagesIndividualAllocation        = false                                  {pd product} {ergonomic}

Logging:
Log output configuration:
 #0: stdout all=warning uptime,level,tags
 #1: stderr all=off uptime,level,tags

Environment Variables:
JAVA_HOME=C:\Users\Svetlana\AppData\Local\Programs\Eclipse Adoptium\jdk-17.0.8.101-hotspot\
PATH=C:/Users/Svetlana/AppData/Local/Programs/Eclipse Adoptium/jdk-17.0.8.101-hotspot/bin/server;C:/Users/Svetlana/AppData/Local/Programs/Eclipse Adoptium/jdk-17.0.8.101-hotspot/bin;C:\Program Files (x86)\VMware\VMware Workstation\bin\;C:\Windows\System32\HWAudioDriverLibs;C:\Windows\system32;C:\Windows;C:\Windows\System32\Wbem;C:\Windows\System32\WindowsPowerShell\v1.0\;C:\Windows\System32\OpenSSH\;C:\Windows\system32\config\systemprofile\AppData\Local\Microsoft\WindowsApps;C:\Program Files\Microsoft SQL Server\150\Tools\Binn\;C:\Program Files\Microsoft SQL Server\Client SDK\ODBC\170\Tools\Binn\;C:\Program Files\dotnet\;C:\Program Files (x86)\Git\cmd;C:\Program Files\Docker\Docker\resources\bin;C:\Program Files\PuTTY\;C:\Program Files\CMake\bin;C:\Users\Svetlana\AppData\Local\Programs\Eclipse Adoptium\jdk-17.0.8.101-hotspot\bin;C:\Users\Svetlana\AppData\Local\Microsoft\WindowsApps;C:\Users\Svetlana\AppData\Local\Programs\MiKTeX\miktex\bin\x64\;C:\Users\Svetlana\.dotnet\tools;C:\Windows\system32;
USERNAME=Svetlana
OS=Windows_NT
PROCESSOR_IDENTIFIER=Intel64 Family 6 Model 142 Stepping 12, GenuineIntel
TMP=C:\Users\Svetlana\AppData\Local\Temp
TEMP=C:\Users\Svetlana\AppData\Local\Temp



---------------  S Y S T E M  ---------------

OS:
 Windows 10 , 64 bit Build 19041 (10.0.19041.4717)
OS uptime: 0 days 1:07 hours
Hyper-V role detected

CPU: total 8 (initial active 8) (4 cores per cpu, 2 threads per core) family 6 model 142 stepping 12 microcode 0xde, cx8, cmov, fxsr, ht, mmx, 3dnowpref, sse, sse2, sse3, ssse3, sse4.1, sse4.2, popcnt, lzcnt, tsc, tscinvbit, avx, avx2, aes, erms, clmul, bmi1, bmi2, adx, fma, vzeroupper, clflush, clflushopt, hv
Processor Information for all 8 processors :
  Max Mhz: 2112, Current Mhz: 2112, Mhz Limit: 1605

Memory: 4k page, system-wide physical 8025M (1259M free)
TotalPageFile size 8025M (AvailPageFile size 6M)
current process WorkingSet (physical memory assigned to process): 10M, peak: 10M
current process commit charge ("private bytes"): 186M, peak: 188M

vm_info: OpenJDK 64-Bit Server VM (17.0.8.1+1) for windows-amd64 JRE (17.0.8.1+1), built on Aug 23 2023 15:29:17 by "admin" with MS VC++ 16.7 (VS2019)

END.
